#
# There is insufficient memory for the Java Runtime Environment to continue.
# Native memory allocation (malloc) failed to allocate 1048576 bytes for AllocateHeap
# Possible reasons:
#   The system is out of physical RAM or swap space
#   In 32 bit mode, the process size limit was hit
# Possible solutions:
#   Reduce memory load on the system
#   Increase physical memory or swap space
#   Check if swap backing store is full
#   Use 64 bit Java on a 64 bit OS
#   Decrease Java heap size (-Xmx/-Xms)
#   Decrease number of Java threads
#   Decrease Java thread stack sizes (-Xss)
#   Set larger code cache with -XX:ReservedCodeCacheSize=
# This output file may be truncated or incomplete.
#
#  Out of Memory Error (memory/allocation.inline.hpp:62), pid=6088, tid=9912
#
# JRE version:  (8.0_25-b18) (build )
# Java VM: Java HotSpot(TM) 64-Bit Server VM (25.25-b02 mixed mode windows-amd64 compressed oops)
# Failed to write core dump. Minidumps are not enabled by default on client versions of Windows
#

---------------  T H R E A D  ---------------

Current thread (0x0000000002d40800):  JavaThread "Unknown thread" [_thread_in_vm, id=9912, stack(0x0000000002b70000,0x0000000002c70000)]

Stack: [0x0000000002b70000,0x0000000002c70000]
Native frames: (J=compiled Java code, j=interpreted, Vv=VM code, C=native code)
V  [jvm.dll+0x31667a]
V  [jvm.dll+0x267073]
V  [jvm.dll+0x267cb3]
V  [jvm.dll+0x25f5b5]
V  [jvm.dll+0x3defbf]
V  [jvm.dll+0x3dfaff]
V  [jvm.dll+0x3dfc14]
V  [jvm.dll+0x3dfde3]
V  [jvm.dll+0xe53f2]
V  [jvm.dll+0x1f9b19]
V  [jvm.dll+0x22b2e4]
V  [jvm.dll+0x14d571]
C  [java.exe+0x20b6]
C  [java.exe+0xc9bb]
C  [java.exe+0xca4f]
C  [KERNEL32.DLL+0x12d92]
C  [ntdll.dll+0x9f64]


---------------  P R O C E S S  ---------------

Java Threads: ( => current thread )

Other Threads:

=>0x0000000002d40800 (exited) JavaThread "Unknown thread" [_thread_in_vm, id=9912, stack(0x0000000002b70000,0x0000000002c70000)]

VM state:not at safepoint (normal execution)

VM Mutex/Monitor currently owned by a thread: None

Heap:
 PSYoungGen      total 38400K, used 665K [0x00000000eab00000, 0x00000000ed580000, 0x0000000100000000)
  eden space 33280K, 2% used [0x00000000eab00000,0x00000000eaba6670,0x00000000ecb80000)
  from space 5120K, 0% used [0x00000000ed080000,0x00000000ed080000,0x00000000ed580000)
  to   space 5120K, 0% used [0x00000000ecb80000,0x00000000ecb80000,0x00000000ed080000)
 ParOldGen       total 87552K, used 0K [0x00000000c0000000, 0x00000000c5580000, 0x00000000eab00000)
  object space 87552K, 0% used [0x00000000c0000000,0x00000000c0000000,0x00000000c5580000)
 Metaspace       used 674K, capacity 4480K, committed 4480K, reserved 1056768K
  class space    used 66K, capacity 384K, committed 384K, reserved 1048576K

Card table byte_map: [0x0000000012200000,0x0000000012410000] byte_map_base: 0x0000000011c00000

Marking Bits: (ParMarkBitMap*) 0x000000006522d490
 Begin Bits: [0x0000000012970000, 0x0000000013970000)
 End Bits:   [0x0000000013970000, 0x0000000014970000)

Polling page: 0x0000000001350000

CodeCache: size=245760Kb used=327Kb max_used=327Kb free=245432Kb
 bounds [0x0000000002e40000, 0x00000000030b0000, 0x0000000011e40000]
 total_blobs=56 nmethods=0 adapters=37
 compilation: enabled

Compilation events (0 events):
No events

GC Heap History (0 events):
No events

Deoptimization events (0 events):
No events

Internal exceptions (0 events):
No events

Events (10 events):
Event: 0.070 loading class java/lang/Short
Event: 0.072 loading class java/lang/Short done
Event: 0.072 loading class java/lang/Integer
Event: 0.073 loading class java/lang/Integer done
Event: 0.073 loading class java/lang/Long
Event: 0.091 loading class java/lang/Long done
Event: 0.092 loading class java/lang/NullPointerException
Event: 0.092 loading class java/lang/NullPointerException done
Event: 0.092 loading class java/lang/ArithmeticException
Event: 0.092 loading class java/lang/ArithmeticException done


Dynamic libraries:
0x00007ff634f90000 - 0x00007ff634fc4000 	C:\Program Files\Java\jdk1.8.0_25\bin\java.exe
0x00007ffef0840000 - 0x00007ffef0a01000 	C:\WINDOWS\SYSTEM32\ntdll.dll
0x00007ffeecfc0000 - 0x00007ffeed06d000 	C:\WINDOWS\system32\KERNEL32.DLL
0x00007ffeebff0000 - 0x00007ffeec1cd000 	C:\WINDOWS\system32\KERNELBASE.dll
0x00007ffeed070000 - 0x00007ffeed116000 	C:\WINDOWS\system32\ADVAPI32.dll
0x00007ffeef330000 - 0x00007ffeef3cd000 	C:\WINDOWS\system32\msvcrt.dll
0x00007ffeeeec0000 - 0x00007ffeeef1b000 	C:\WINDOWS\system32\sechost.dll
0x00007ffeef3d0000 - 0x00007ffeef4f6000 	C:\WINDOWS\system32\RPCRT4.dll
0x00007ffeeef20000 - 0x00007ffeef06e000 	C:\WINDOWS\system32\USER32.dll
0x00007ffeed190000 - 0x00007ffeed316000 	C:\WINDOWS\system32\GDI32.dll
0x00007ffee3670000 - 0x00007ffee38e4000 	C:\WINDOWS\WinSxS\amd64_microsoft.windows.common-controls_6595b64144ccf1df_6.0.10240.16384_none_f41f7b285750ef43\COMCTL32.dll
0x00007ffeef220000 - 0x00007ffeef256000 	C:\WINDOWS\system32\IMM32.DLL
0x00007ffeed780000 - 0x00007ffeed8dc000 	C:\WINDOWS\system32\MSCTF.dll
0x00007ffec7460000 - 0x00007ffec74f1000 	C:\Program Files (x86)\AVG\AVG2015\avghooka.dll
0x0000000064550000 - 0x0000000064622000 	C:\Program Files\Java\jdk1.8.0_25\jre\bin\msvcr100.dll
0x0000000064a50000 - 0x00000000652aa000 	C:\Program Files\Java\jdk1.8.0_25\jre\bin\server\jvm.dll
0x00007ffeed380000 - 0x00007ffeed388000 	C:\WINDOWS\system32\PSAPI.DLL
0x00007ffee34f0000 - 0x00007ffee34f9000 	C:\WINDOWS\SYSTEM32\WSOCK32.dll
0x00007ffeef260000 - 0x00007ffeef2c9000 	C:\WINDOWS\system32\WS2_32.dll
0x00007ffeef510000 - 0x00007ffeef518000 	C:\WINDOWS\system32\NSI.dll
0x00007ffeea2e0000 - 0x00007ffeea303000 	C:\WINDOWS\SYSTEM32\WINMM.dll
0x00007ffeea280000 - 0x00007ffeea2ac000 	C:\WINDOWS\SYSTEM32\WINMMBASE.dll
0x00007ffeecaf0000 - 0x00007ffeecb34000 	C:\WINDOWS\system32\cfgmgr32.dll
0x00007ffeea990000 - 0x00007ffeea9b7000 	C:\WINDOWS\SYSTEM32\DEVOBJ.dll
0x00000000654e0000 - 0x00000000654ef000 	C:\Program Files\Java\jdk1.8.0_25\jre\bin\verify.dll
0x0000000064a20000 - 0x0000000064a48000 	C:\Program Files\Java\jdk1.8.0_25\jre\bin\java.dll
0x00000000654c0000 - 0x00000000654d6000 	C:\Program Files\Java\jdk1.8.0_25\jre\bin\zip.dll
0x00007ffee6750000 - 0x00007ffee68da000 	C:\WINDOWS\SYSTEM32\dbghelp.dll

VM Arguments:
jvm_args: -Xmx1024M -Dfile.encoding=windows-1252 -Duser.country=ES -Duser.language=es -Duser.variant 
java_command: com.android.dx.command.Main --dex --output C:\Users\Leonardo\AndroidStudioProjects\JSON\app\build\intermediates\pre-dexed\debug\picasso-2.5.2-ac7d8294571f8f9d53ce994f1048b487a36f39d6.jar C:\Users\Leonardo\.gradle\caches\modules-2\files-2.1\com.squareup.picasso\picasso\2.5.2\7446d06ec8d4f7ffcc53f1da37c95f200dcb9387\picasso-2.5.2.jar
java_class_path (initial): C:\Users\Leonardo\AppData\Local\Android\sdk\build-tools\21.1.2\lib\dx.jar
Launcher Type: SUN_STANDARD

Environment Variables:
PATH=C:\ProgramData\Oracle\Java\javapath;C:\Program Files\Java\jdk1.8.0_25\bin;C:\Program Files (x86)\ATI Technologies\ATI.ACE\Core-Static;C:\Program Files\nodejs\;C:\Program Files (x86)\Windows Kits\8.1\Windows Performance Toolkit\;C:\Program Files\Microsoft SQL Server\110\Tools\Binn\;C:\Program Files\Microsoft SQL Server\120\Tools\Binn\;C:\WINDOWS\system32\config\systemprofile\.dnx\bin;C:\Program Files\Microsoft DNX\Dnvm\;C:\Program Files (x86)\GtkSharp\2.12\bin;C:\WINDOWS\system32;C:\WINDOWS;C:\WINDOWS\System32\Wbem;C:\WINDOWS\System32\WindowsPowerShell\v1.0\;C:\Users\Leonardo\AppData\Roaming\npm
USERNAME=Leonardo
OS=Windows_NT
PROCESSOR_IDENTIFIER=Intel64 Family 6 Model 42 Stepping 7, GenuineIntel



---------------  S Y S T E M  ---------------

OS: Windows 8.1 , 64 bit Build 9600 

CPU:total 4 (2 cores per cpu, 2 threads per core) family 6 model 42 stepping 7, cmov, cx8, fxsr, mmx, sse, sse2, sse3, ssse3, sse4.1, sse4.2, popcnt, avx, aes, clmul, ht, tsc, tscinvbit

Memory: 4k page, physical 8302444k(2462728k free), swap 33468268k(30172k free)

vm_info: Java HotSpot(TM) 64-Bit Server VM (25.25-b02) for windows-amd64 JRE (1.8.0_25-b18), built on Oct  7 2014 14:25:37 by "java_re" with MS VC++ 10.0 (VS2010)

time: Sun Nov 15 16:04:25 2015
elapsed time: 0 seconds (0d 0h 0m 0s)

